<?xml version="1.0" encoding="UTF-8"?>
<!-- Generated by org.testng.reporters.JUnitReportReporter -->
<testsuite hostname="COMPU_EFRAT" failures="0" tests="1" name="regression.instructionToPatient.StopInstructionScenario" time="24.015" errors="0" timestamp="2022-12-07T00:18:37 IST" skipped="0">
  <testcase classname="regression.instructionToPatient.StopInstructionScenario" name="test01_stopAllActiveInstructionToPatient" time="24.015"/>
  <system-out/>
</testsuite> <!-- regression.instructionToPatient.StopInstructionScenario -->
