<?xml version="1.0" encoding="UTF-8"?>
<!-- Generated by org.testng.reporters.JUnitReportReporter -->
<testsuite hostname="COMPU_EFRAT" failures="0" tests="1" name="regression.restoreBugs.Medicine_prep" time="14.045" errors="0" timestamp="2022-12-07T08:10:27 IST" skipped="0">
  <testcase classname="regression.restoreBugs.Medicine_prep" name="test01_printStickDrug" time="14.045"/>
  <system-out/>
</testsuite> <!-- regression.restoreBugs.Medicine_prep -->
