<?xml version="1.0" encoding="UTF-8"?>
<!-- Generated by org.testng.reporters.JUnitReportReporter -->
<testsuite hostname="COMPU_EFRAT" failures="0" tests="1" name="regression.doctor.stopInstruction" time="34.376" errors="0" timestamp="2022-10-03T13:04:31 IDT" skipped="0">
  <testcase classname="regression.doctor.stopInstruction" name="stopAllDrugInstruction" time="34.376"/>
</testsuite> <!-- regression.doctor.stopInstruction -->
