<?xml version="1.0" encoding="UTF-8"?>
<!-- Generated by org.testng.reporters.JUnitReportReporter -->
<testsuite skipped="0" hostname="COMPU_EFRAT" name="addInstruction" tests="1" failures="0" timestamp="2022-06-07T14:52:54 IDT" time="25.982" errors="0">
  <testcase name="addAllPossibilitiesDrug" time="25.982" classname="addInstruction"/>
</testsuite> <!-- addInstruction -->
