<?xml version="1.0" encoding="UTF-8"?>
<!-- Generated by org.testng.reporters.JUnitReportReporter -->
<testsuite hostname="COMPU_EFRAT" failures="0" tests="1" name="regression.general.Patient" time="10.730" errors="0" timestamp="2022-10-03T13:04:31 IDT" skipped="0">
  <testcase classname="regression.general.Patient" name="generateDrugForm" time="10.730"/>
</testsuite> <!-- regression.general.Patient -->
