<?xml version="1.0" encoding="UTF-8"?>
<!-- Generated by org.testng.reporters.JUnitReportReporter -->
<testsuite skipped="0" hostname="COMPU_EFRAT" name="sanity.doctor.addInstructionToPatient" tests="3" failures="0" timestamp="2022-07-03T09:53:58 IDT" time="49.181" errors="0">
  <testcase name="addAndSignDrugOnceOnly" time="14.216" classname="sanity.doctor.addInstructionToPatient"/>
  <testcase name="addAndSignAllPossibilitiesDrug" time="17.636" classname="sanity.doctor.addInstructionToPatient"/>
  <testcase name="addAndSignUnknownDrug" time="17.329" classname="sanity.doctor.addInstructionToPatient"/>
</testsuite> <!-- sanity.doctor.addInstructionToPatient -->
