<?xml version="1.0" encoding="UTF-8"?>
<!-- Generated by org.testng.reporters.JUnitReportReporter -->
<testsuite hostname="COMPU_EFRAT" failures="0" tests="6" name="regression.doctor.doctorAddInstruction" time="89.082" errors="0" timestamp="2022-10-03T13:04:31 IDT" skipped="0">
  <testcase classname="regression.doctor.doctorAddInstruction" name="addAndSignDilutedDrug" time="15.057"/>
  <testcase classname="regression.doctor.doctorAddInstruction" name="addAndSignAllPossibilitiesDrug" time="17.963"/>
  <testcase classname="regression.doctor.doctorAddInstruction" name="addBloodProdIns" time="12.735"/>
  <testcase classname="regression.doctor.doctorAddInstruction" name="addNutritionIns" time="14.244"/>
  <testcase classname="regression.doctor.doctorAddInstruction" name="addGeneralIns" time="14.418"/>
  <testcase classname="regression.doctor.doctorAddInstruction" name="addAndSignDrugDilutedContinues" time="14.665"/>
</testsuite> <!-- regression.doctor.doctorAddInstruction -->
