<?xml version="1.0" encoding="UTF-8"?>
<!-- Generated by org.testng.reporters.JUnitReportReporter -->
<testsuite skipped="0" hostname="COMPU_EFRAT" name="sanity.instructions.BloodProductsScenario" tests="1" failures="0" timestamp="2022-06-14T14:32:05 IDT" time="10.268" errors="0">
  <testcase name="verify_AddAndSaveBloodProduct" time="10.268" classname="sanity.instructions.BloodProductsScenario"/>
</testsuite> <!-- sanity.instructions.BloodProductsScenario -->
