<?xml version="1.0" encoding="UTF-8"?>
<!-- Generated by org.testng.reporters.JUnitReportReporter -->
<testsuite skipped="0" hostname="COMPU_EFRAT" name="sanity.general.TitlePage" tests="1" failures="0" timestamp="2021-08-11T16:47:55 IDT" time="2.549" errors="0">
  <testcase name="test02_verifyPatientsList" time="2.549" classname="sanity.general.TitlePage"/>
</testsuite> <!-- sanity.general.TitlePage -->
