<?xml version="1.0" encoding="UTF-8"?>
<!-- Generated by org.testng.reporters.JUnitReportReporter -->
<testsuite hostname="COMPU_EFRAT" failures="0" tests="1" name="regression.regression3" time="54.729" errors="0" timestamp="2023-05-07T02:11:12 IDT" skipped="0">
  <testcase classname="regression.regression3" name="addDrugDailyToPatient" time="54.729"/>
  <system-out/>
</testsuite> <!-- regression.regression3 -->
