<?xml version="1.0" encoding="UTF-8"?>
<!-- Generated by org.testng.reporters.JUnitReportReporter -->
<testsuite hostname="COMPU_EFRAT" failures="0" tests="6" name="regression.nurse.nurseApproval" time="62.183" errors="0" timestamp="2022-10-03T13:04:31 IDT" skipped="0">
  <testcase classname="regression.nurse.nurseApproval" name="approvalLiquidContinues" time="9.820"/>
  <testcase classname="regression.nurse.nurseApproval" name="approvalNutritionIns" time="8.131"/>
  <testcase classname="regression.nurse.nurseApproval" name="approvalTwoGeneralIns" time="8.758"/>
  <testcase classname="regression.nurse.nurseApproval" name="approvalLiquidTimeLimit" time="10.171"/>
  <testcase classname="regression.nurse.nurseApproval" name="approvalAllPossibilitiesDrugs" time="14.598"/>
  <testcase classname="regression.nurse.nurseApproval" name="approvalBloodProdIns" time="10.705"/>
</testsuite> <!-- regression.nurse.nurseApproval -->
