<?xml version="1.0" encoding="UTF-8"?>
<!-- Generated by org.testng.reporters.JUnitReportReporter -->
<testsuite skipped="0" hostname="COMPU_EFRAT" name="sanity.doctor.addGeneralInstructionToPatient" tests="1" failures="0" timestamp="2022-07-03T09:53:58 IDT" time="8.182" errors="0">
  <testcase name="addAndSignGeneralIns" time="8.182" classname="sanity.doctor.addGeneralInstructionToPatient"/>
</testsuite> <!-- sanity.doctor.addGeneralInstructionToPatient -->
