<?xml version="1.0" encoding="UTF-8"?>
<!-- Generated by org.testng.reporters.JUnitReportReporter -->
<testsuite hostname="COMPU_EFRAT" failures="0" tests="1" name="regression.regression2" time="106.818" errors="0" timestamp="2023-02-26T04:22:11 IST" skipped="0">
  <testcase classname="regression.regression2" name="addAndSaveAllInstructionToPatient" time="106.818"/>
  <system-out/>
</testsuite> <!-- regression.regression2 -->
