<?xml version="1.0" encoding="UTF-8"?>
<!-- Generated by org.testng.reporters.JUnitReportReporter -->
<testsuite skipped="0" hostname="COMPU_EFRAT" name="sanity.instructions.InstructionMainPageScenario" tests="1" failures="0" timestamp="2021-07-27T15:55:00 IDT" time="11.665" errors="0">
  <testcase name="ApprovalAll" time="11.665" classname="sanity.instructions.InstructionMainPageScenario"/>
</testsuite> <!-- sanity.instructions.InstructionMainPageScenario -->
