<?xml version="1.0" encoding="UTF-8"?>
<!-- Generated by org.testng.reporters.JUnitReportReporter -->
<testsuite hostname="COMPU_EFRAT" failures="0" tests="1" name="regression.regression3" time="66.058" errors="0" timestamp="2023-02-26T12:32:53 IST" skipped="0">
  <testcase classname="regression.regression3" name="addDrugDailyToPatient" time="66.058"/>
  <system-out/>
</testsuite> <!-- regression.regression3 -->
