<?xml version="1.0" encoding="UTF-8"?>
<!-- Generated by org.testng.reporters.JUnitReportReporter -->
<testsuite hostname="COMPU_EFRAT" failures="0" tests="1" name="regression.doctor.StopInstructionScenario" time="26.857" errors="0" timestamp="2022-11-15T08:00:19 IST" skipped="0">
  <testcase classname="regression.doctor.StopInstructionScenario" name="test01_stopAllActiveInstructionToPatient" time="26.857"/>
</testsuite> <!-- regression.doctor.StopInstructionScenario -->
