<?xml version="1.0" encoding="UTF-8"?>
<!-- Generated by org.testng.reporters.JUnitReportReporter -->
<testsuite skipped="0" hostname="COMPU_EFRAT" name="regression.nurse.nurseApprovalDrugs" tests="1" failures="0" timestamp="2022-09-14T02:12:04 IDT" time="18.584" errors="0">
  <testcase name="approvalAllPossibilitiesDrugs" time="18.584" classname="regression.nurse.nurseApprovalDrugs"/>
</testsuite> <!-- regression.nurse.nurseApprovalDrugs -->
