<?xml version="1.0" encoding="UTF-8"?>
<!-- Generated by org.testng.reporters.JUnitReportReporter -->
<testsuite hostname="COMPU_EFRAT" failures="0" tests="6" name="regression.nurse.nurseExecute" time="65.198" errors="0" timestamp="2022-10-03T13:04:31 IDT" skipped="0">
  <testcase classname="regression.nurse.nurseExecute" name="executeGeneralIns" time="9.271"/>
  <testcase classname="regression.nurse.nurseExecute" name="executeNutritionIns" time="12.571"/>
  <testcase classname="regression.nurse.nurseExecute" name="executeAllPossibilitiesDrugs" time="10.944"/>
  <testcase classname="regression.nurse.nurseExecute" name="executeLiquidContinues" time="10.564"/>
  <testcase classname="regression.nurse.nurseExecute" name="executeLiquidTimeLimit" time="11.002"/>
  <testcase classname="regression.nurse.nurseExecute" name="executeBloodProdIns" time="10.846"/>
</testsuite> <!-- regression.nurse.nurseExecute -->
