<?xml version="1.0" encoding="UTF-8"?>
<!-- Generated by org.testng.reporters.JUnitReportReporter -->
<testsuite hostname="COMPU_EFRAT" failures="0" tests="1" name="sanity.restoreBugs.Medicine_prep" time="20.781" errors="0" timestamp="2023-01-21T08:10:35 IST" skipped="0">
  <testcase classname="sanity.restoreBugs.Medicine_prep" name="test01_printStickDrug" time="20.781"/>
  <system-out/>
</testsuite> <!-- sanity.restoreBugs.Medicine_prep -->
