<?xml version="1.0" encoding="UTF-8"?>
<!-- Generated by org.testng.reporters.JUnitReportReporter -->
<testsuite skipped="0" hostname="COMPU_EFRAT" name="sanity.instructions.GeneralScenarios" tests="1" failures="0" timestamp="2022-06-14T14:32:05 IDT" time="7.361" errors="0">
  <testcase name="test07_verifyAddSaveGeneralIns" time="7.361" classname="sanity.instructions.GeneralScenarios"/>
</testsuite> <!-- sanity.instructions.GeneralScenarios -->
