<?xml version="1.0" encoding="UTF-8"?>
<!-- Generated by org.testng.reporters.JUnitReportReporter -->
<testsuite hostname="COMPU_EFRAT" failures="0" tests="1" name="sanity.UnitTest.instructionToPatient.StopInstructionScenario" time="11.392" errors="0" timestamp="2023-02-26T00:18:05 IST" skipped="0">
  <testcase classname="sanity.UnitTest.instructionToPatient.StopInstructionScenario" name="test01_stopAllActiveInstructionToPatient" time="11.392"/>
  <system-out/>
</testsuite> <!-- sanity.UnitTest.instructionToPatient.StopInstructionScenario -->
